components/Labs.tsx(14,34): error TS2339: Property 'labs' does not exist on type '{ patients: { getAll: (userId: string) => Promise<any>; }; inventory: { getAll: (userId: string) => Promise<any>; }; procedures: { getAll: (userId: string) => Promise<any>; }; }'.
components/Odontogram.tsx(22,45): error TS2339: Property 'toggleListening' does not exist on type '{ isListening: boolean; lastCommand: string; intent: DentalIntent; }'.
components/Odontogram.tsx(26,19): error TS2367: This comparison appears to be unintentional because the types '"TOOTH" | "SURFACE" | "FINDING"' and '"SELECT_TOOTH"' have no overlap.
components/Odontogram.tsx(26,60): error TS2339: Property 'value' does not exist on type 'never'.
components/Odontogram.tsx(27,40): error TS2339: Property 'value' does not exist on type 'never'.
components/Procedures.tsx(132,132): error TS2339: Property 'duration' does not exist on type 'Procedure'.
index.tsx(8,37): error TS2339: Property 'env' does not exist on type 'ImportMeta'.
server/db/seed.ts(2,10): error TS2305: Module '"./schema"' has no exported member 'clinics'.
server/db/seed.ts(2,19): error TS2305: Module '"./schema"' has no exported member 'clinicMembers'.
server/db/seed.ts(36,31): error TS2339: Property 'clinics' does not exist on type '{ readonly users: RelationalQueryBuilder<ExtractTablesWithRelations<typeof import("/Users/gustavosanchesbifulco/Documents/a/Dentis-app/server/db/schema")>, { tsName: "users"; dbName: "users"; columns: { ...; }; relations: never; primaryKey: AnyColumn[]; }>; readonly inventory: RelationalQueryBuilder<...>; readonly p...'.
server/db/seed.ts(53,5): error TS2769: No overload matches this call.
  Overload 1 of 2, '(value: { name: string | SQL<unknown> | Placeholder<string, any>; duration: number | SQL<unknown> | Placeholder<string, any>; userId: string | SQL<unknown> | Placeholder<...>; ... 4 more ...; cost?: string | ... 1 more ... | Placeholder<...>; }): PgInsertBase<...>', gave the following error.
    Argument of type '{ clinicId: string; name: string; category: string; tussCode: string; price: string; durationMinutes: number; materialsCost: string; }[]' is not assignable to parameter of type '{ name: string | SQL<unknown> | Placeholder<string, any>; duration: number | SQL<unknown> | Placeholder<string, any>; userId: string | SQL<unknown> | Placeholder<...>; ... 4 more ...; cost?: string | ... 1 more ... | Placeholder<...>; }'.
      Type '{ clinicId: string; name: string; category: string; tussCode: string; price: string; durationMinutes: number; materialsCost: string; }[]' is missing the following properties from type '{ name: string | SQL<unknown> | Placeholder<string, any>; duration: number | SQL<unknown> | Placeholder<string, any>; userId: string | SQL<unknown> | Placeholder<...>; ... 4 more ...; cost?: string | ... 1 more ... | Placeholder<...>; }': name, duration, userId, price
  Overload 2 of 2, '(values: { name: string | SQL<unknown> | Placeholder<string, any>; duration: number | SQL<unknown> | Placeholder<string, any>; userId: string | SQL<unknown> | Placeholder<...>; ... 4 more ...; cost?: string | ... 1 more ... | Placeholder<...>; }[]): PgInsertBase<...>', gave the following error.
    Argument of type '{ clinicId: string; name: string; category: string; tussCode: string; price: string; durationMinutes: number; materialsCost: string; }[]' is not assignable to parameter of type '{ name: string | SQL<unknown> | Placeholder<string, any>; duration: number | SQL<unknown> | Placeholder<string, any>; userId: string | SQL<unknown> | Placeholder<...>; ... 4 more ...; cost?: string | ... 1 more ... | Placeholder<...>; }[]'.
      Type '{ clinicId: string; name: string; category: string; tussCode: string; price: string; durationMinutes: number; materialsCost: string; }' is missing the following properties from type '{ name: string | SQL<unknown> | Placeholder<string, any>; duration: number | SQL<unknown> | Placeholder<string, any>; userId: string | SQL<unknown> | Placeholder<...>; ... 4 more ...; cost?: string | ... 1 more ... | Placeholder<...>; }': duration, userId
server/db/seed.ts(62,21): error TS2339: Property 'email' does not exist on type 'PgTableWithColumns<{ name: "users"; schema: undefined; columns: { id: PgColumn<{ name: "id"; tableName: "users"; dataType: "number"; columnType: "PgSerial"; data: number; driverParam: number; notNull: true; hasDefault: true; enumValues: undefined; baseColumn: never; }, {}, {}>; clerkId: PgColumn<...>; role: PgColumn...'.
server/db/seed.ts(68,46): error TS2769: No overload matches this call.
  Overload 1 of 2, '(value: { role: string | SQL<unknown> | Placeholder<string, any>; clerkId: string | SQL<unknown> | Placeholder<string, any>; id?: number | SQL<unknown> | Placeholder<string, any>; onboardingComplete?: boolean | ... 1 more ... | Placeholder<...>; }): PgInsertBase<...>', gave the following error.
    Object literal may only specify known properties, and 'email' does not exist in type '{ role: string | SQL<unknown> | Placeholder<string, any>; clerkId: string | SQL<unknown> | Placeholder<string, any>; id?: number | SQL<unknown> | Placeholder<string, any>; onboardingComplete?: boolean | ... 1 more ... | Placeholder<...>; }'.
  Overload 2 of 2, '(values: { role: string | SQL<unknown> | Placeholder<string, any>; clerkId: string | SQL<unknown> | Placeholder<string, any>; id?: number | SQL<unknown> | Placeholder<string, any>; onboardingComplete?: boolean | ... 1 more ... | Placeholder<...>; }[]): PgInsertBase<...>', gave the following error.
    Object literal may only specify known properties, and 'clerkId' does not exist in type '{ role: string | SQL<unknown> | Placeholder<string, any>; clerkId: string | SQL<unknown> | Placeholder<string, any>; id?: number | SQL<unknown> | Placeholder<string, any>; onboardingComplete?: boolean | ... 1 more ... | Placeholder<...>; }[]'.
server/db/seed.ts(80,33): error TS2339: Property 'clinicMembers' does not exist on type '{ readonly users: RelationalQueryBuilder<ExtractTablesWithRelations<typeof import("/Users/gustavosanchesbifulco/Documents/a/Dentis-app/server/db/schema")>, { tsName: "users"; dbName: "users"; columns: { ...; }; relations: never; primaryKey: AnyColumn[]; }>; readonly inventory: RelationalQueryBuilder<...>; readonly p...'.
server/middleware/auth.ts(1,10): error TS2305: Module '"@clerk/clerk-sdk-node"' has no exported member 'getAuth'.
server/routes/ai.ts(6,10): error TS2305: Module '"../db/schema"' has no exported member 'appointments'.
server/routes/ai.ts(6,34): error TS2305: Module '"../db/schema"' has no exported member 'financials'.
server/routes/ai.ts(46,22): error TS2769: No overload matches this call.
  Overload 1 of 3, '(left: PgColumn<{ name: "id"; tableName: "users"; dataType: "number"; columnType: "PgSerial"; data: number; driverParam: number; notNull: true; hasDefault: true; enumValues: undefined; baseColumn: never; }, {}, {}>, right: number | SQLWrapper): SQL<...>', gave the following error.
    Argument of type 'string' is not assignable to parameter of type 'number | SQLWrapper'.
  Overload 2 of 3, '(left: Aliased<string>, right: string | SQLWrapper): SQL<unknown>', gave the following error.
    Argument of type 'PgColumn<{ name: "id"; tableName: "users"; dataType: "number"; columnType: "PgSerial"; data: number; driverParam: number; notNull: true; hasDefault: true; enumValues: undefined; baseColumn: never; }, {}, {}>' is not assignable to parameter of type 'Aliased<string>'.
      Type 'PgColumn<{ name: "id"; tableName: "users"; dataType: "number"; columnType: "PgSerial"; data: number; driverParam: number; notNull: true; hasDefault: true; enumValues: undefined; baseColumn: never; }, {}, {}>' is missing the following properties from type 'Aliased<string>': sql, fieldAlias
  Overload 3 of 3, '(left: never, right: unknown): SQL<unknown>', gave the following error.
    Argument of type 'PgColumn<{ name: "id"; tableName: "users"; dataType: "number"; columnType: "PgSerial"; data: number; driverParam: number; notNull: true; hasDefault: true; enumValues: undefined; baseColumn: never; }, {}, {}>' is not assignable to parameter of type 'never'.
server/routes/ai.ts(47,26): error TS2353: Object literal may only specify known properties, and 'email' does not exist in type '{ id?: boolean; clerkId?: boolean; role?: boolean; onboardingComplete?: boolean; }'.
server/routes/ai.ts(52,40): error TS2339: Property 'clinicId' does not exist on type 'PgTableWithColumns<{ name: "patients"; schema: undefined; columns: { id: PgColumn<{ name: "id"; tableName: "patients"; dataType: "number"; columnType: "PgSerial"; data: number; driverParam: number; notNull: true; hasDefault: true; enumValues: undefined; baseColumn: never; }, {}, {}>; ... 4 more ...; userId: PgColumn...'.
server/routes/ai.ts(52,61): error TS2769: No overload matches this call.
  Overload 1 of 3, '(left: PgColumn<{ name: "email"; tableName: "patients"; dataType: "string"; columnType: "PgText"; data: string; driverParam: string; notNull: false; hasDefault: false; enumValues: [string, ...string[]]; baseColumn: never; }, {}, {}>, right: string | SQLWrapper): SQL<...>', gave the following error.
    Argument of type 'unknown' is not assignable to parameter of type 'string | SQLWrapper'.
  Overload 2 of 3, '(left: Aliased<unknown>, right: unknown): SQL<unknown>', gave the following error.
    Argument of type 'PgColumn<{ name: "email"; tableName: "patients"; dataType: "string"; columnType: "PgText"; data: string; driverParam: string; notNull: false; hasDefault: false; enumValues: [string, ...string[]]; baseColumn: never; }, {}, {}>' is not assignable to parameter of type 'Aliased<unknown>'.
      Type 'PgColumn<{ name: "email"; tableName: "patients"; dataType: "string"; columnType: "PgText"; data: string; driverParam: string; notNull: false; hasDefault: false; enumValues: [string, ...string[]]; baseColumn: never; }, {}, {}>' is missing the following properties from type 'Aliased<unknown>': sql, fieldAlias
  Overload 3 of 3, '(left: never, right: unknown): SQL<unknown>', gave the following error.
    Argument of type 'PgColumn<{ name: "email"; tableName: "patients"; dataType: "string"; columnType: "PgText"; data: string; driverParam: string; notNull: false; hasDefault: false; enumValues: [string, ...string[]]; baseColumn: never; }, {}, {}>' is not assignable to parameter of type 'never'.
server/routes/ai.ts(56,49): error TS2339: Property 'appointments' does not exist on type '{ readonly users: RelationalQueryBuilder<ExtractTablesWithRelations<typeof import("/Users/gustavosanchesbifulco/Documents/a/Dentis-app/server/db/schema")>, { tsName: "users"; dbName: "users"; columns: { ...; }; relations: never; primaryKey: AnyColumn[]; }>; readonly inventory: RelationalQueryBuilder<...>; readonly p...'.
server/routes/appointments.ts(6,10): error TS2305: Module '"../db/schema"' has no exported member 'appointments'.
server/routes/appointments.ts(6,24): error TS2305: Module '"../db/schema"' has no exported member 'financials'.
server/routes/appointments.ts(25,31): error TS2339: Property 'appointments' does not exist on type '{ readonly users: RelationalQueryBuilder<ExtractTablesWithRelations<typeof import("/Users/gustavosanchesbifulco/Documents/a/Dentis-app/server/db/schema")>, { tsName: "users"; dbName: "users"; columns: { ...; }; relations: never; primaryKey: AnyColumn[]; }>; readonly inventory: RelationalQueryBuilder<...>; readonly p...'.
server/routes/clinical.ts(6,10): error TS2305: Module '"../db/schema"' has no exported member 'clinicalRecords'.
server/routes/clinical.ts(25,36): error TS2339: Property 'clinicalRecords' does not exist on type '{ readonly users: RelationalQueryBuilder<ExtractTablesWithRelations<typeof import("/Users/gustavosanchesbifulco/Documents/a/Dentis-app/server/db/schema")>, { tsName: "users"; dbName: "users"; columns: { ...; }; relations: never; primaryKey: AnyColumn[]; }>; readonly inventory: RelationalQueryBuilder<...>; readonly p...'.
server/routes/finance.ts(3,10): error TS2305: Module '"../db/schema"' has no exported member 'financials'.
server/routes/finance.ts(14,39): error TS2339: Property 'financials' does not exist on type '{ readonly users: RelationalQueryBuilder<ExtractTablesWithRelations<typeof import("/Users/gustavosanchesbifulco/Documents/a/Dentis-app/server/db/schema")>, { tsName: "users"; dbName: "users"; columns: { ...; }; relations: never; primaryKey: AnyColumn[]; }>; readonly inventory: RelationalQueryBuilder<...>; readonly p...'.
server/routes/fiscal.ts(5,10): error TS2305: Module '"../db/schema"' has no exported member 'financials'.
server/routes/fiscal.ts(100,16): error TS2769: No overload matches this call.
  Overload 1 of 3, '(left: PgColumn<{ name: "id"; tableName: "patients"; dataType: "number"; columnType: "PgSerial"; data: number; driverParam: number; notNull: true; hasDefault: true; enumValues: undefined; baseColumn: never; }, {}, {}>, right: number | SQLWrapper): SQL<...>', gave the following error.
    Argument of type 'string' is not assignable to parameter of type 'number | SQLWrapper'.
  Overload 2 of 3, '(left: Aliased<string>, right: string | SQLWrapper): SQL<unknown>', gave the following error.
    Argument of type 'PgColumn<{ name: "id"; tableName: "patients"; dataType: "number"; columnType: "PgSerial"; data: number; driverParam: number; notNull: true; hasDefault: true; enumValues: undefined; baseColumn: never; }, {}, {}>' is not assignable to parameter of type 'Aliased<string>'.
      Type 'PgColumn<{ name: "id"; tableName: "patients"; dataType: "number"; columnType: "PgSerial"; data: number; driverParam: number; notNull: true; hasDefault: true; enumValues: undefined; baseColumn: never; }, {}, {}>' is missing the following properties from type 'Aliased<string>': sql, fieldAlias
  Overload 3 of 3, '(left: never, right: unknown): SQL<unknown>', gave the following error.
    Argument of type 'PgColumn<{ name: "id"; tableName: "patients"; dataType: "number"; columnType: "PgSerial"; data: number; driverParam: number; notNull: true; hasDefault: true; enumValues: undefined; baseColumn: never; }, {}, {}>' is not assignable to parameter of type 'never'.
server/routes/fiscal.ts(100,56): error TS2339: Property 'clinicId' does not exist on type 'PgTableWithColumns<{ name: "patients"; schema: undefined; columns: { id: PgColumn<{ name: "id"; tableName: "patients"; dataType: "number"; columnType: "PgSerial"; data: number; driverParam: number; notNull: true; hasDefault: true; enumValues: undefined; baseColumn: never; }, {}, {}>; ... 4 more ...; userId: PgColumn...'.
server/routes/fiscal.ts(108,30): error TS2339: Property 'clinicId' does not exist on type 'PgTableWithColumns<{ name: "procedures"; schema: undefined; columns: { id: PgColumn<{ name: "id"; tableName: "procedures"; dataType: "number"; columnType: "PgSerial"; data: number; driverParam: number; notNull: true; hasDefault: true; enumValues: undefined; baseColumn: never; }, {}, {}>; ... 6 more ...; userId: PgCo...'.
server/routes/fiscal.ts(108,51): error TS2769: No overload matches this call.
  Overload 1 of 3, '(column: Aliased<string>, values: SQLWrapper | (string | Placeholder<string, any>)[]): SQL<unknown>', gave the following error.
    Argument of type 'PgColumn<{ name: "id"; tableName: "procedures"; dataType: "number"; columnType: "PgSerial"; data: number; driverParam: number; notNull: true; hasDefault: true; enumValues: undefined; baseColumn: never; }, {}, {}>' is not assignable to parameter of type 'Aliased<string>'.
      Type 'PgColumn<{ name: "id"; tableName: "procedures"; dataType: "number"; columnType: "PgSerial"; data: number; driverParam: number; notNull: true; hasDefault: true; enumValues: undefined; baseColumn: never; }, {}, {}>' is missing the following properties from type 'Aliased<string>': sql, fieldAlias
  Overload 2 of 3, '(column: PgColumn<{ name: "id"; tableName: "procedures"; dataType: "number"; columnType: "PgSerial"; data: number; driverParam: number; notNull: true; hasDefault: true; enumValues: undefined; baseColumn: never; }, {}, {}>, values: SQLWrapper | (number | Placeholder<...>)[]): SQL<...>', gave the following error.
    Argument of type 'string[]' is not assignable to parameter of type 'SQLWrapper | (number | Placeholder<string, any>)[]'.
      Type 'string[]' is not assignable to type '(number | Placeholder<string, any>)[]'.
        Type 'string' is not assignable to type 'number | Placeholder<string, any>'.
  Overload 3 of 3, '(column: never, values: unknown[] | SQLWrapper): SQL<unknown>', gave the following error.
    Argument of type 'PgColumn<{ name: "id"; tableName: "procedures"; dataType: "number"; columnType: "PgSerial"; data: number; driverParam: number; notNull: true; hasDefault: true; enumValues: undefined; baseColumn: never; }, {}, {}>' is not assignable to parameter of type 'never'.
server/routes/fiscal.ts(122,19): error TS2339: Property 'clinicId' does not exist on type 'PgTableWithColumns<{ name: "patients"; schema: undefined; columns: { id: PgColumn<{ name: "id"; tableName: "patients"; dataType: "number"; columnType: "PgSerial"; data: number; driverParam: number; notNull: true; hasDefault: true; enumValues: undefined; baseColumn: never; }, {}, {}>; ... 4 more ...; userId: PgColumn...'.
server/routes/fiscal.ts(131,32): error TS2339: Property 'financials' does not exist on type '{ readonly users: RelationalQueryBuilder<ExtractTablesWithRelations<typeof import("/Users/gustavosanchesbifulco/Documents/a/Dentis-app/server/db/schema")>, { tsName: "users"; dbName: "users"; columns: { ...; }; relations: never; primaryKey: AnyColumn[]; }>; readonly inventory: RelationalQueryBuilder<...>; readonly p...'.
server/routes/kiosk.ts(5,10): error TS2305: Module '"../db/schema"' has no exported member 'appointments'.
server/routes/kiosk.ts(5,24): error TS2305: Module '"../db/schema"' has no exported member 'clinics'.
server/routes/kiosk.ts(21,35): error TS2339: Property 'clinics' does not exist on type '{ readonly users: RelationalQueryBuilder<ExtractTablesWithRelations<typeof import("/Users/gustavosanchesbifulco/Documents/a/Dentis-app/server/db/schema")>, { tsName: "users"; dbName: "users"; columns: { ...; }; relations: never; primaryKey: AnyColumn[]; }>; readonly inventory: RelationalQueryBuilder<...>; readonly p...'.
server/routes/kiosk.ts(34,23): error TS2339: Property 'clinicId' does not exist on type 'PgTableWithColumns<{ name: "patients"; schema: undefined; columns: { id: PgColumn<{ name: "id"; tableName: "patients"; dataType: "number"; columnType: "PgSerial"; data: number; driverParam: number; notNull: true; hasDefault: true; enumValues: undefined; baseColumn: never; }, {}, {}>; ... 4 more ...; userId: PgColumn...'.
server/routes/kiosk.ts(49,38): error TS2339: Property 'appointments' does not exist on type '{ readonly users: RelationalQueryBuilder<ExtractTablesWithRelations<typeof import("/Users/gustavosanchesbifulco/Documents/a/Dentis-app/server/db/schema")>, { tsName: "users"; dbName: "users"; columns: { ...; }; relations: never; primaryKey: AnyColumn[]; }>; readonly inventory: RelationalQueryBuilder<...>; readonly p...'.
server/routes/marketing.ts(6,10): error TS2305: Module '"../db/schema"' has no exported member 'campaigns'.
server/routes/marketing.ts(6,21): error TS2305: Module '"../db/schema"' has no exported member 'messageLogs'.
server/routes/marketing.ts(26,31): error TS2339: Property 'campaigns' does not exist on type '{ readonly users: RelationalQueryBuilder<ExtractTablesWithRelations<typeof import("/Users/gustavosanchesbifulco/Documents/a/Dentis-app/server/db/schema")>, { tsName: "users"; dbName: "users"; columns: { ...; }; relations: never; primaryKey: AnyColumn[]; }>; readonly inventory: RelationalQueryBuilder<...>; readonly p...'.
server/routes/marketing.ts(69,11): error TS2322: Type '{ id: number; }[]' is not assignable to type '{ id: string; }[]'.
  Type '{ id: number; }' is not assignable to type '{ id: string; }'.
    Types of property 'id' are incompatible.
      Type 'number' is not assignable to type 'string'.
server/routes/marketing.ts(69,98): error TS2339: Property 'clinicId' does not exist on type 'PgTableWithColumns<{ name: "patients"; schema: undefined; columns: { id: PgColumn<{ name: "id"; tableName: "patients"; dataType: "number"; columnType: "PgSerial"; data: number; driverParam: number; notNull: true; hasDefault: true; enumValues: undefined; baseColumn: never; }, {}, {}>; ... 4 more ...; userId: PgColumn...'.
server/routes/marketing.ts(74,11): error TS2322: Type '{ id: number; }[]' is not assignable to type '{ id: string; }[]'.
  Type '{ id: number; }' is not assignable to type '{ id: string; }'.
    Types of property 'id' are incompatible.
      Type 'number' is not assignable to type 'string'.
server/routes/marketing.ts(76,36): error TS2339: Property 'clinicId' does not exist on type 'PgTableWithColumns<{ name: "patients"; schema: undefined; columns: { id: PgColumn<{ name: "id"; tableName: "patients"; dataType: "number"; columnType: "PgSerial"; data: number; driverParam: number; notNull: true; hasDefault: true; enumValues: undefined; baseColumn: never; }, {}, {}>; ... 4 more ...; userId: PgColumn...'.
server/routes/marketing.ts(76,70): error TS2339: Property 'lastVisit' does not exist on type 'PgTableWithColumns<{ name: "patients"; schema: undefined; columns: { id: PgColumn<{ name: "id"; tableName: "patients"; dataType: "number"; columnType: "PgSerial"; data: number; driverParam: number; notNull: true; hasDefault: true; enumValues: undefined; baseColumn: never; }, {}, {}>; ... 4 more ...; userId: PgColumn...'.
server/routes/onboarding.ts(25,59): error TS2554: Expected 2 arguments, but got 3.
server/routes/onboarding.ts(40,52): error TS2554: Expected 2 arguments, but got 3.
server/routes/patients.ts(39,46): error TS2769: No overload matches this call.
  Overload 1 of 2, '(value: { name: string | SQL<unknown> | Placeholder<string, any>; userId: string | SQL<unknown> | Placeholder<string, any>; id?: number | SQL<unknown> | Placeholder<string, any>; email?: string | ... 1 more ... | Placeholder<...>; cpf?: string | ... 1 more ... | Placeholder<...>; phone?: string | ... 1 more ... | Placeholder<...>; }): PgInsertBase<...>', gave the following error.
    Argument of type '{ userId: string; name?: string; email?: string; cpf?: string; phone?: string; }' is not assignable to parameter of type '{ name: string | SQL<unknown> | Placeholder<string, any>; userId: string | SQL<unknown> | Placeholder<string, any>; id?: number | SQL<unknown> | Placeholder<string, any>; email?: string | ... 1 more ... | Placeholder<...>; cpf?: string | ... 1 more ... | Placeholder<...>; phone?: string | ... 1 more ... | Placeholde...'.
      Property 'name' is optional in type '{ userId: string; name?: string; email?: string; cpf?: string; phone?: string; }' but required in type '{ name: string | SQL<unknown> | Placeholder<string, any>; userId: string | SQL<unknown> | Placeholder<string, any>; id?: number | SQL<unknown> | Placeholder<string, any>; email?: string | ... 1 more ... | Placeholder<...>; cpf?: string | ... 1 more ... | Placeholder<...>; phone?: string | ... 1 more ... | Placeholde...'.
  Overload 2 of 2, '(values: { name: string | SQL<unknown> | Placeholder<string, any>; userId: string | SQL<unknown> | Placeholder<string, any>; id?: number | SQL<unknown> | Placeholder<string, any>; email?: string | ... 1 more ... | Placeholder<...>; cpf?: string | ... 1 more ... | Placeholder<...>; phone?: string | ... 1 more ... | Placeholder<...>; }[]): PgInsertBase<...>', gave the following error.
    Object literal may only specify known properties, and 'userId' does not exist in type '{ name: string | SQL<unknown> | Placeholder<string, any>; userId: string | SQL<unknown> | Placeholder<string, any>; id?: number | SQL<unknown> | Placeholder<string, any>; email?: string | ... 1 more ... | Placeholder<...>; cpf?: string | ... 1 more ... | Placeholder<...>; phone?: string | ... 1 more ... | Placeholde...'.
server/routes/uploads.ts(5,10): error TS2305: Module '"../db/schema"' has no exported member 'documents'.
server/routes/uploads.ts(53,16): error TS2353: Object literal may only specify known properties, and 'avatarUrl' does not exist in type '{ id?: number | SQL<unknown>; clerkId?: string | SQL<unknown>; role?: string | SQL<unknown>; onboardingComplete?: boolean | SQL<unknown>; }'.
server/routes/uploads.ts(54,16): error TS2769: No overload matches this call.
  Overload 1 of 3, '(left: PgColumn<{ name: "id"; tableName: "users"; dataType: "number"; columnType: "PgSerial"; data: number; driverParam: number; notNull: true; hasDefault: true; enumValues: undefined; baseColumn: never; }, {}, {}>, right: number | SQLWrapper): SQL<...>', gave the following error.
    Argument of type 'string' is not assignable to parameter of type 'number | SQLWrapper'.
  Overload 2 of 3, '(left: Aliased<string>, right: string | SQLWrapper): SQL<unknown>', gave the following error.
    Argument of type 'PgColumn<{ name: "id"; tableName: "users"; dataType: "number"; columnType: "PgSerial"; data: number; driverParam: number; notNull: true; hasDefault: true; enumValues: undefined; baseColumn: never; }, {}, {}>' is not assignable to parameter of type 'Aliased<string>'.
      Type 'PgColumn<{ name: "id"; tableName: "users"; dataType: "number"; columnType: "PgSerial"; data: number; driverParam: number; notNull: true; hasDefault: true; enumValues: undefined; baseColumn: never; }, {}, {}>' is missing the following properties from type 'Aliased<string>': sql, fieldAlias
  Overload 3 of 3, '(left: never, right: unknown): SQL<unknown>', gave the following error.
    Argument of type 'PgColumn<{ name: "id"; tableName: "users"; dataType: "number"; columnType: "PgSerial"; data: number; driverParam: number; notNull: true; hasDefault: true; enumValues: undefined; baseColumn: never; }, {}, {}>' is not assignable to parameter of type 'never'.
server/services/userSetup.ts(219,38): error TS2552: Cannot find name 'procedureItems'. Did you mean 'proceduresItems'?
